<?xml version="1.0" encoding="UTF-8"?>
<testng-results skipped="0" failed="0" ignored="0" total="1" passed="1">
  <reporter-output>
  </reporter-output>
  <suite name="Default suite" duration-ms="94" started-at="2023-03-21T13:19:38 IST" finished-at="2023-03-21T13:19:38 IST">
    <groups>
    </groups>
    <test name="Default test" duration-ms="94" started-at="2023-03-21T13:19:38 IST" finished-at="2023-03-21T13:19:38 IST">
      <class name="Practice.Practice">
        <test-method status="PASS" signature="demo()[pri:0, instance:Practice.Practice@7494e528]" name="demo" duration-ms="16" started-at="2023-03-21T13:19:38 IST" finished-at="2023-03-21T13:19:38 IST">
          <reporter-output>
          </reporter-output>
        </test-method> <!-- demo -->
      </class> <!-- Practice.Practice -->
    </test> <!-- Default test -->
  </suite> <!-- Default suite -->
</testng-results>
